<?xml version="1.0" encoding="UTF-8"?>
<!-- Generated by org.testng.reporters.JUnitReportReporter -->
<testsuite hostname="LAPTOP-LP0N2IU6" failures="0" tests="1" name="CocomoreAPItest.VicoMemberCV" time="2.972" errors="0" timestamp="2021-03-31T15:22:25 GMT-07:00" skipped="0">
  <testcase classname="CocomoreAPItest.VicoMemberCV" name="test_1" time="2.972"/>
  <system-out/>
</testsuite> <!-- CocomoreAPItest.VicoMemberCV -->
