<?xml version="1.0" encoding="UTF-8"?>
<!-- Generated by org.testng.reporters.JUnitReportReporter -->
<testsuite hostname="LAPTOP-LP0N2IU6" failures="0" tests="1" name="CocomoreAPItest.VicoPublicProfilePage" time="3.180" errors="0" timestamp="2021-03-31T15:22:07 GMT-07:00" skipped="0">
  <testcase classname="CocomoreAPItest.VicoPublicProfilePage" name="test_1" time="3.180"/>
  <system-out/>
</testsuite> <!-- CocomoreAPItest.VicoPublicProfilePage -->
